<?xml version="1.0" encoding="UTF-8" ?>
<testsuites>
 <testsuite name="Untitled2_script" package="Untitled123.suite" timestamp="2022-08-04 13:59:55.315 -0600"
 tests="1"  failures="1" errors="0" time="0.118113">
  <properties>
   <property name="RunDate" value="2022-08-04 13:59:55.315 -0600"/>
   <property name="Status" value="Failure"/>
  </properties>
  <testcase name="Untitled2.script" assertions="1" status="failure"  time="0.114724">
    <failure type="FAILURE" message="STUnknownMessage: ERROR: No Such Function: 'abbyy' -- Execution Time 0:00:00 Untitled2.script" />
  </testcase>
 </testsuite>
</testsuites>
